[debug] [2022-01-26T08:13:19.053Z] ----------------------------------------------------------------------
[debug] [2022-01-26T08:13:19.055Z] Command:       /home/olga.sokolova/.nvm/versions/node/v12.22.7/bin/node /home/olga.sokolova/Documents/olga.sokolova/launches-ts/node_modules/.bin/firebase emulators:exec --ui npm run jest
[debug] [2022-01-26T08:13:19.055Z] CLI Version:   10.1.2
[debug] [2022-01-26T08:13:19.055Z] Platform:      linux
[debug] [2022-01-26T08:13:19.055Z] Node Version:  v12.22.7
[debug] [2022-01-26T08:13:19.055Z] Time:          Wed Jan 26 2022 10:13:19 GMT+0200 (Eastern European Standard Time)
[debug] [2022-01-26T08:13:19.055Z] ----------------------------------------------------------------------
[debug] 
[debug] [2022-01-26T08:13:19.096Z] Field ".emulators.auth.port" in "firebase.json" is possibly invalid: should be number
[debug] [2022-01-26T08:13:19.098Z] > command requires scopes: ["email","openid","https://www.googleapis.com/auth/cloudplatformprojects.readonly","https://www.googleapis.com/auth/firebase","https://www.googleapis.com/auth/cloud-platform"]
[debug] [2022-01-26T08:13:19.099Z] > authorizing via signed-in user (olga.sokolova@extrawest.com)
[info] i  emulators: Starting emulators: auth, firestore, database, hosting, storage {"metadata":{"emulator":{"name":"hub"},"message":"Starting emulators: auth, firestore, database, hosting, storage"}}
[debug] [2022-01-26T08:13:19.109Z] [hub] writing locator at /tmp/hub-launches-1939c.json
[debug] [2022-01-26T08:13:19.164Z] Ignoring unsupported arg: projectId {"metadata":{"emulator":{"name":"firestore"},"message":"Ignoring unsupported arg: projectId"}}
[debug] [2022-01-26T08:13:19.164Z] Ignoring unsupported arg: auto_download {"metadata":{"emulator":{"name":"firestore"},"message":"Ignoring unsupported arg: auto_download"}}
[debug] [2022-01-26T08:13:19.164Z] Starting Firestore Emulator with command {"binary":"java","args":["-Dgoogle.cloud_firestore.debug_log_level=FINE","-Duser.language=en","-jar","/home/olga.sokolova/.cache/firebase/emulators/cloud-firestore-emulator-v1.13.1.jar","--host","localhost","--port",8080,"--rules","/home/olga.sokolova/Documents/olga.sokolova/launches-ts/firestore.rules"],"optionalArgs":["port","webchannel_port","host","rules","functions_emulator","seed_from_export"],"joinArgs":false} {"metadata":{"emulator":{"name":"firestore"},"message":"Starting Firestore Emulator with command {\"binary\":\"java\",\"args\":[\"-Dgoogle.cloud_firestore.debug_log_level=FINE\",\"-Duser.language=en\",\"-jar\",\"/home/olga.sokolova/.cache/firebase/emulators/cloud-firestore-emulator-v1.13.1.jar\",\"--host\",\"localhost\",\"--port\",8080,\"--rules\",\"/home/olga.sokolova/Documents/olga.sokolova/launches-ts/firestore.rules\"],\"optionalArgs\":[\"port\",\"webchannel_port\",\"host\",\"rules\",\"functions_emulator\",\"seed_from_export\"],\"joinArgs\":false}"}}
[info] i  firestore: Firestore Emulator logging to firestore-debug.log {"metadata":{"emulator":{"name":"firestore"},"message":"Firestore Emulator logging to \u001b[1mfirestore-debug.log\u001b[22m"}}
[debug] [2022-01-26T08:13:20.150Z] Jan 26, 2022 10:13:20 AM com.google.cloud.datastore.emulator.firestore.websocket.WebSocketServer start
INFO: Started WebSocket server on ws://localhost:38155
 {"metadata":{"emulator":{"name":"firestore"},"message":"Jan 26, 2022 10:13:20 AM com.google.cloud.datastore.emulator.firestore.websocket.WebSocketServer start\nINFO: Started WebSocket server on ws://localhost:38155\n"}}
[debug] [2022-01-26T08:13:20.202Z] API endpoint: http:// {"metadata":{"emulator":{"name":"firestore"},"message":"API endpoint: http://"}}
[debug] [2022-01-26T08:13:20.202Z] localhost:8080
If you are using a library that supports the FIRESTORE_EMULATOR_HOST environment variable, run:

   export FIRESTORE_EMULATOR_HOST=localhost:8080

Dev App Server is now running.

 {"metadata":{"emulator":{"name":"firestore"},"message":"localhost:8080\nIf you are using a library that supports the FIRESTORE_EMULATOR_HOST environment variable, run:\n\n   export FIRESTORE_EMULATOR_HOST=localhost:8080\n\nDev App Server is now running.\n\n"}}
[debug] [2022-01-26T08:13:20.434Z] > refreshing access token with scopes: []
[debug] [2022-01-26T08:13:20.435Z] >>> HTTP REQUEST POST https://www.googleapis.com/oauth2/v3/token  
 <request body omitted>
[debug] [2022-01-26T08:13:20.647Z] <<< HTTP RESPONSE 200 {"date":"Wed, 26 Jan 2022 08:13:20 GMT","expires":"Mon, 01 Jan 1990 00:00:00 GMT","cache-control":"no-cache, no-store, max-age=0, must-revalidate","pragma":"no-cache","content-type":"application/json; charset=utf-8","vary":"X-Origin, Referer, Origin,Accept-Encoding","server":"scaffolding on HTTPServer2","x-xss-protection":"0","x-frame-options":"SAMEORIGIN","x-content-type-options":"nosniff","alt-svc":"h3=\":443\"; ma=2592000,h3-29=\":443\"; ma=2592000,h3-Q050=\":443\"; ma=2592000,h3-Q046=\":443\"; ma=2592000,h3-Q043=\":443\"; ma=2592000,quic=\":443\"; ma=2592000; v=\"46,43\"","accept-ranges":"none","transfer-encoding":"chunked"}
[debug] [2022-01-26T08:13:20.668Z] >>> [apiv2][query] GET https://firebase.googleapis.com/v1beta1/projects/launches-1939c [none]
[debug] [2022-01-26T08:13:21.056Z] <<< [apiv2][status] GET https://firebase.googleapis.com/v1beta1/projects/launches-1939c 200
[debug] [2022-01-26T08:13:21.057Z] <<< [apiv2][body] GET https://firebase.googleapis.com/v1beta1/projects/launches-1939c {"projectId":"launches-1939c","projectNumber":"804199359871","displayName":"launches","name":"projects/launches-1939c","resources":{"hostingSite":"launches-1939c","realtimeDatabaseInstance":"launches-1939c-default-rtdb","storageBucket":"launches-1939c.appspot.com","locationId":"europe-west"},"state":"ACTIVE"}
[debug] [2022-01-26T08:13:21.058Z] database rules config:  [{"instance":"launches-1939c-default-rtdb","rules":"/home/olga.sokolova/Documents/olga.sokolova/launches-ts/database.rules.json"}]
[debug] [2022-01-26T08:13:21.065Z] Ignoring unsupported arg: projectId {"metadata":{"emulator":{"name":"database"},"message":"Ignoring unsupported arg: projectId"}}
[debug] [2022-01-26T08:13:21.066Z] Ignoring unsupported arg: auto_download {"metadata":{"emulator":{"name":"database"},"message":"Ignoring unsupported arg: auto_download"}}
[debug] [2022-01-26T08:13:21.066Z] Ignoring unsupported arg: rules {"metadata":{"emulator":{"name":"database"},"message":"Ignoring unsupported arg: rules"}}
[debug] [2022-01-26T08:13:21.066Z] Starting Database Emulator with command {"binary":"java","args":["-Duser.language=en","-jar","/home/olga.sokolova/.cache/firebase/emulators/firebase-database-emulator-v4.7.3.jar","--host","localhost","--port",9000],"optionalArgs":["port","host","functions_emulator_port","functions_emulator_host"],"joinArgs":false} {"metadata":{"emulator":{"name":"database"},"message":"Starting Database Emulator with command {\"binary\":\"java\",\"args\":[\"-Duser.language=en\",\"-jar\",\"/home/olga.sokolova/.cache/firebase/emulators/firebase-database-emulator-v4.7.3.jar\",\"--host\",\"localhost\",\"--port\",9000],\"optionalArgs\":[\"port\",\"host\",\"functions_emulator_port\",\"functions_emulator_host\"],\"joinArgs\":false}"}}
[info] i  database: Database Emulator logging to database-debug.log {"metadata":{"emulator":{"name":"database"},"message":"Database Emulator logging to \u001b[1mdatabase-debug.log\u001b[22m"}}
[debug] [2022-01-26T08:13:21.620Z] WARNING: An illegal reflective access operation has occurred
WARNING: Illegal reflective access by io.netty.util.internal.ReflectionUtil (file:/home/olga.sokolova/.cache/firebase/emulators/firebase-database-emulator-v4.7.3.jar) to field sun.nio.ch.SelectorImpl.selectedKeys
WARNING: Please consider reporting this to the maintainers of io.netty.util.internal.ReflectionUtil
WARNING: Use --illegal-access=warn to enable warnings of further illegal reflective access operations
WARNING: All illegal access operations will be denied in a future release
 {"metadata":{"emulator":{"name":"database"},"message":"WARNING: An illegal reflective access operation has occurred\nWARNING: Illegal reflective access by io.netty.util.internal.ReflectionUtil (file:/home/olga.sokolova/.cache/firebase/emulators/firebase-database-emulator-v4.7.3.jar) to field sun.nio.ch.SelectorImpl.selectedKeys\nWARNING: Please consider reporting this to the maintainers of io.netty.util.internal.ReflectionUtil\nWARNING: Use --illegal-access=warn to enable warnings of further illegal reflective access operations\nWARNING: All illegal access operations will be denied in a future release\n"}}
[debug] [2022-01-26T08:13:22.273Z] 10:13:22.271 [NamespaceSystem-akka.actor.default-dispatcher-4] INFO akka.event.slf4j.Slf4jLogger - Slf4jLogger started
 {"metadata":{"emulator":{"name":"database"},"message":"10:13:22.271 [NamespaceSystem-akka.actor.default-dispatcher-4] INFO akka.event.slf4j.Slf4jLogger - Slf4jLogger started\n"}}
[debug] [2022-01-26T08:13:22.396Z] 10:13:22.396 [main] INFO com.firebase.server.forge.App$ - Listening at localhost:9000
 {"metadata":{"emulator":{"name":"database"},"message":"10:13:22.396 [main] INFO com.firebase.server.forge.App$ - Listening at localhost:9000\n"}}
[debug] [2022-01-26T08:13:29.531Z] Ignoring unsupported arg: port {"metadata":{"emulator":{"name":"storage"},"message":"Ignoring unsupported arg: port"}}
[debug] [2022-01-26T08:13:29.678Z] Temp file directory for storage emulator: /tmp/firebase/storage/blobs {"metadata":{"emulator":{"name":"storage"},"message":"Temp file directory for storage emulator: /tmp/firebase/storage/blobs"}}
[debug] [2022-01-26T08:13:30.274Z] >>> [apiv2][query] GET https://firebasehosting.googleapis.com/v1beta1/projects/launches-1939c/sites 
[debug] [2022-01-26T08:13:31.253Z] <<< [apiv2][status] GET https://firebasehosting.googleapis.com/v1beta1/projects/launches-1939c/sites 200
[debug] [2022-01-26T08:13:31.253Z] <<< [apiv2][body] GET https://firebasehosting.googleapis.com/v1beta1/projects/launches-1939c/sites {"sites":[{"name":"projects/804199359871/sites/launches-1939c","defaultUrl":"https://launches-1939c.web.app","appId":"1:804199359871:web:201d55c105d6ecf0f3e64a","type":"DEFAULT_SITE"}]}
[debug] [2022-01-26T08:13:31.254Z] >>> [apiv2][query] GET https://firebase.googleapis.com/v1beta1/projects/launches-1939c/webApps/1:804199359871:web:201d55c105d6ecf0f3e64a/config [none]
[debug] [2022-01-26T08:13:32.109Z] <<< [apiv2][status] GET https://firebase.googleapis.com/v1beta1/projects/launches-1939c/webApps/1:804199359871:web:201d55c105d6ecf0f3e64a/config 200
[debug] [2022-01-26T08:13:32.110Z] <<< [apiv2][body] GET https://firebase.googleapis.com/v1beta1/projects/launches-1939c/webApps/1:804199359871:web:201d55c105d6ecf0f3e64a/config {"projectId":"launches-1939c","appId":"1:804199359871:web:201d55c105d6ecf0f3e64a","databaseURL":"https://launches-1939c-default-rtdb.europe-west1.firebasedatabase.app","storageBucket":"launches-1939c.appspot.com","locationId":"europe-west","apiKey":"AIzaSyDTeGh_7Educo3lD3u-bd2G5fnMMYCba8w","authDomain":"launches-1939c.firebaseapp.com","messagingSenderId":"804199359871"}
[info] i  hosting: Serving hosting files from: build {"metadata":{"emulator":{"name":"hosting"},"message":"Serving hosting files from: \u001b[1mbuild\u001b[22m"}}
[info] ✔  hosting: Local server: http://localhost:5000 {"metadata":{"emulator":{"name":"hosting"},"message":"Local server: \u001b[4m\u001b[1mhttp://localhost:5000\u001b[22m\u001b[24m"}}
[debug] [2022-01-26T08:13:32.163Z] Ignoring unsupported arg: auto_download {"metadata":{"emulator":{"name":"ui"},"message":"Ignoring unsupported arg: auto_download"}}
[debug] [2022-01-26T08:13:32.164Z] Ignoring unsupported arg: port {"metadata":{"emulator":{"name":"ui"},"message":"Ignoring unsupported arg: port"}}
[debug] [2022-01-26T08:13:32.164Z] Starting Emulator UI with command {"binary":"node","args":["/home/olga.sokolova/.cache/firebase/emulators/ui-v1.6.4/server.bundle.js"],"optionalArgs":[],"joinArgs":false} {"metadata":{"emulator":{"name":"ui"},"message":"Starting Emulator UI with command {\"binary\":\"node\",\"args\":[\"/home/olga.sokolova/.cache/firebase/emulators/ui-v1.6.4/server.bundle.js\"],\"optionalArgs\":[],\"joinArgs\":false}"}}
[info] i  ui: Emulator UI logging to ui-debug.log {"metadata":{"emulator":{"name":"ui"},"message":"Emulator UI logging to \u001b[1mui-debug.log\u001b[22m"}}
[debug] [2022-01-26T08:13:32.244Z] Web / API server started at localhost:4000
 {"metadata":{"emulator":{"name":"ui"},"message":"Web / API server started at localhost:4000\n"}}
[debug] [2022-01-26T08:13:32.442Z] >>> HTTP REQUEST PUT http://localhost:9000/.settings/rules.json?ns=launches-1939c-default-rtdb  
 {
	"rules": {
		"users": {
			"$uid": {
				".read": "$uid === auth.uid",
				".write": "$uid === auth.uid"
			}
		}
	}
}

[debug] [2022-01-26T08:13:32.801Z] <<< HTTP RESPONSE 200 {"content-length":"15","content-type":"application/json; charset=utf-8","access-control-allow-origin":"*","cache-control":"no-cache","x-firebase-project-id":"launches-1939c-default-rtdb","x-firebase-project-number":"123456789","x-firebase-uuid":"35531169-f8a2-4a59-8120-ba8a66f70e05"}
[info] i  Running script: npm run jest 
[debug] [2022-01-26T08:13:32.814Z] Running npm run jest with environment {"GJS_DEBUG_TOPICS":"JS ERROR;JS LOG","LESSOPEN":"| /usr/bin/lesspipe %s","npm_package_dependencies__craco_craco":"^6.4.3","npm_package_dependencies__reduxjs_toolkit":"^1.7.1","npm_package_dependencies_react_dropzone":"^11.4.2","npm_package_dependencies_redux_persist":"^6.0.0","npm_config_cache_lock_stale":"60000","npm_config_ham_it_up":"","npm_package_devDependencies__types_react_router_dom":"^5.3.2","npm_config_legacy_bundling":"","npm_config_sign_git_tag":"","LANGUAGE":"en_US:en","USER":"olga.sokolova","LC_TIME":"uk_UA.UTF-8","npm_package_dependencies__types_jest":"^27.0.3","npm_package_dependencies_react_toastify":"^8.0.3","npm_config_user_agent":"npm/6.14.15 node/v12.22.7 linux x64","npm_config_always_auth":"","npm_package_dependencies__material_ui_core":"5.0.0-beta.5","npm_package_dependencies_formik":"^2.2.9","npm_config_bin_links":"true","npm_config_key":"","SSH_AGENT_PID":"2204","XDG_SESSION_TYPE":"x11","GIT_ASKPASS":"/usr/share/code/resources/app/extensions/git/dist/askpass.sh","npm_package_scripts_mock":"firebase emulators: start","npm_config_allow_same_version":"","npm_config_description":"true","npm_config_fetch_retries":"2","npm_config_heading":"npm","npm_config_if_present":"","npm_config_init_version":"1.0.0","npm_config_user":"1001","npm_node_execpath":"/home/olga.sokolova/.nvm/versions/node/v12.22.7/bin/node","SHLVL":"0","npm_package_scripts_extract_messages":"formatjs extract src/**/*.js* --out-file src/i18n/en.json","npm_config_prefer_online":"","npm_config_noproxy":"","HOME":"/home/olga.sokolova","CHROME_DESKTOP":"code-url-handler.desktop","npm_package_dependencies__mui_styles":"^5.0.1","npm_package_dependencies_react_formik_ui":"^5.5.3","npm_package_browserslist_production_0":">0.5%","npm_package_devDependencies__typescript_eslint_parser":"^5.7.0","npm_config_force":"","TERM_PROGRAM_VERSION":"1.63.2","DESKTOP_SESSION":"ubuntu","NVM_BIN":"/home/olga.sokolova/.nvm/versions/node/v12.22.7/bin","npm_package_dependencies_react_id_swiper":"^4.0.0","npm_package_browserslist_production_1":"not dead","npm_package_devDependencies__types_redux_logger":"^3.0.9","npm_config_only":"","npm_config_read_only":"","NVM_INC":"/home/olga.sokolova/.nvm/versions/node/v12.22.7/include/node","GIO_LAUNCHED_DESKTOP_FILE":"/usr/share/applications/code.desktop","npm_package_browserslist_production_2":"not op_mini all","npm_config_cache_min":"10","npm_config_init_license":"ISC","GNOME_SHELL_SESSION_MODE":"ubuntu","GTK_MODULES":"gail:atk-bridge","VSCODE_GIT_ASKPASS_MAIN":"/usr/share/code/resources/app/extensions/git/dist/askpass-main.js","npm_config_editor":"vi","npm_config_rollback":"true","npm_config_tag_version_prefix":"v","LC_MONETARY":"uk_UA.UTF-8","VSCODE_GIT_ASKPASS_NODE":"/usr/share/code/code","MANAGERPID":"2019","npm_package_scripts_lint_fix":"eslint src --fix","npm_package_devDependencies__types_swiper":"^5.4.3","npm_config_cache_max":"Infinity","npm_config_timing":"","npm_config_userconfig":"/home/olga.sokolova/.npmrc","DBUS_SESSION_BUS_ADDRESS":"unix:path=/run/user/1001/bus","npm_package_dependencies_dayjs":"^1.10.7","npm_package_devDependencies_eslint_plugin_react_hooks":"^4.2.0","npm_config_engine_strict":"","npm_config_init_author_name":"","npm_config_init_author_url":"","npm_config_preid":"","npm_config_tmp":"/tmp","COLORTERM":"truecolor","GIO_LAUNCHED_DESKTOP_FILE_PID":"501567","npm_package_dependencies_react_router_dom":"5.3.0","npm_package_dependencies_react_scripts":"4.0.3","npm_package_devDependencies_typescript":"^4.5.4","npm_package_description":"This project was bootstrapped with [Create React App](https://github.com/facebook/create-react-app).","npm_config_depth":"Infinity","npm_config_package_lock_only":"","npm_config_save_dev":"","npm_config_usage":"","NVM_DIR":"/home/olga.sokolova/.nvm","npm_package_dependencies__testing_library_react":"11.2.7","npm_package_dependencies__types_react":"^17.0.37","npm_package_dependencies_jwt_decode":"^3.1.2","npm_package_dependencies_namor":"^2.0.3","npm_package_scripts_test_rules":"react-scripts test --config=firebase.jest.config.js --detectOpenHandles --forceExit","npm_package_readmeFilename":"README.md","npm_config_metrics_registry":"https://registry.npmjs.org/","npm_config_cafile":"","npm_config_otp":"","npm_config_package_lock":"true","npm_config_progress":"true","npm_config_https_proxy":"","npm_config_save_prod":"","IM_CONFIG_PHASE":"1","npm_config_audit":"true","npm_config_cidr":"","npm_config_onload_script":"","npm_config_sso_type":"oauth","LOGNAME":"olga.sokolova","npm_package_dependencies__fontsource_roboto":"^4.5.1","npm_package_devDependencies_eslint_plugin_import":"^2.25.2","npm_config_rebuild_bundle":"true","npm_config_save_bundle":"","npm_config_shell":"/bin/bash","_":"/home/olga.sokolova/.nvm/versions/node/v12.22.7/bin/npm","JOURNAL_STREAM":"8:53463","npm_package_private":"true","npm_package_dependencies__emotion_react":"11.4.1","npm_package_scripts_jest":"react-scripts test --runInBand","npm_package_devDependencies_node_sass":"^6.0.1","npm_config_dry_run":"","npm_config_format_package_lock":"true","npm_config_prefix":"/home/olga.sokolova/.nvm/versions/node/v12.22.7","XDG_SESSION_CLASS":"user","npm_package_dependencies_yup":"^0.32.11","npm_package_scripts_lint":"eslint src --ext .jsx,.js,.ts,.tsx","npm_package_devDependencies__typescript_eslint_eslint_plugin":"^5.7.0","npm_config_scope":"","npm_config_browser":"","npm_config_cache_lock_wait":"10000","npm_config_ignore_prepublish":"","npm_config_registry":"https://registry.npmjs.org/","npm_config_save_optional":"","npm_config_searchopts":"","npm_config_versions":"","USERNAME":"olga.sokolova","TERM":"xterm-256color","npm_package_dependencies_redux_logger":"^3.0.6","npm_package_devDependencies__babel_core":"^7.15.8","npm_package_devDependencies__types_react_table":"^7.7.9","npm_config_cache":"/home/olga.sokolova/.npm","npm_config_proxy":"","npm_config_send_metrics":"","GNOME_DESKTOP_SESSION_ID":"this-is-deprecated","npm_package_scripts_start":"react-scripts start","npm_config_global_style":"","npm_config_ignore_scripts":"","npm_config_version":"","WINDOWPATH":"2","npm_package_dependencies_axios":"0.22.0","npm_package_browserslist_development_0":"last 1 chrome version","npm_config_local_address":"","npm_config_viewer":"man","npm_config_node_gyp":"/home/olga.sokolova/.nvm/versions/node/v12.22.7/lib/node_modules/npm/node_modules/node-gyp/bin/node-gyp.js","PATH":"/home/olga.sokolova/.nvm/versions/node/v12.22.7/lib/node_modules/npm/node_modules/npm-lifecycle/node-gyp-bin:/home/olga.sokolova/Documents/olga.sokolova/launches-ts/node_modules/.bin:/home/olga.sokolova/.nvm/versions/node/v12.22.7/bin:/usr/local/sbin:/usr/local/bin:/usr/sbin:/usr/bin:/sbin:/bin:/usr/games:/usr/local/games:/snap/bin","SESSION_MANAGER":"local/sokolova-pc:@/tmp/.ICE-unix/2246,unix/sokolova-pc:/tmp/.ICE-unix/2246","INVOCATION_ID":"4a160378ffcf431183bbe7530ad4aa17","npm_package_name":"launches-ts","npm_package_dependencies__mui_material":"5.0.2","npm_package_dependencies_swiper":"6.*.*","npm_package_browserslist_development_1":"last 1 firefox version","npm_package_devDependencies__types_crypto_js":"^4.0.2","npm_config_audit_level":"low","npm_config_prefer_offline":"","NODE":"/home/olga.sokolova/.nvm/versions/node/v12.22.7/bin/node","XDG_MENU_PREFIX":"gnome-","LC_ADDRESS":"uk_UA.UTF-8","XDG_RUNTIME_DIR":"/run/user/1001","GDK_BACKEND":"x11","npm_package_dependencies_react_redux":"^7.2.6","npm_package_browserslist_development_2":"last 1 safari version","npm_package_devDependencies__babel_cli":"^7.15.7","npm_package_devDependencies_eslint_plugin_jsx_a11y":"^6.4.1","npm_config_color":"true","npm_config_sign_git_commit":"","DISPLAY":":0","npm_package_scripts_eject":"react-scripts eject","npm_package_devDependencies_eslint_config_airbnb":"^18.2.1","npm_package_devDependencies_eslint_plugin_formatjs":"^2.19.0","npm_config_fetch_retry_mintimeout":"10000","npm_config_maxsockets":"50","npm_config_offline":"","npm_config_sso_poll_frequency":"500","LANG":"en_US.UTF-8","XDG_CURRENT_DESKTOP":"Unity","LC_TELEPHONE":"uk_UA.UTF-8","npm_package_dependencies_firebase_admin":"^10.0.0","npm_package_dependencies_react_dom":"^17.0.2","npm_package_devDependencies_eslint":"^7.32.0","npm_config_umask":"0002","XMODIFIERS":"@im=ibus","XDG_SESSION_DESKTOP":"ubuntu","XAUTHORITY":"/run/user/1001/gdm/Xauthority","VSCODE_GIT_IPC_HANDLE":"/run/user/1001/vscode-git-b3d67440fa.sock","TERM_PROGRAM":"vscode","npm_package_dependencies__types_node":"^16.11.12","npm_package_dependencies_firebase_tools":"^10.1.2","npm_package_gitHead":"195b67e3d591c475f46a32fb1ab91d099ff0805b","npm_config_fund":"true","npm_config_fetch_retry_maxtimeout":"60000","npm_config_loglevel":"notice","npm_config_logs_max":"10","npm_config_message":"%s","npm_lifecycle_script":"firebase emulators:exec --ui 'npm run jest'","SSH_AUTH_SOCK":"/run/user/1001/keyring/ssh","ORIGINAL_XDG_CURRENT_DESKTOP":"ubuntu:GNOME","npm_package_dependencies__firebase_database_types":"^0.9.3","npm_package_dependencies_react_intl":"^5.20.13","npm_package_dependencies_react_router":"5.2.1","npm_package_scripts_test":"firebase emulators:exec --ui 'npm run jest'","npm_package_devDependencies_babel_plugin_formatjs":"^10.3.10","npm_config_ca":"","npm_config_cert":"","npm_config_global":"","npm_config_link":"","SHELL":"/bin/bash","LC_NAME":"uk_UA.UTF-8","npm_package_version":"0.1.0","npm_package_dependencies__testing_library_jest_dom":"5.14.1","npm_package_devDependencies__firebase_testing":"^0.20.11","npm_config_access":"","npm_config_also":"","npm_config_save":"true","npm_config_unicode":"true","npm_lifecycle_event":"test","QT_ACCESSIBILITY":"1","GDMSESSION":"ubuntu","npm_package_dependencies__testing_library_user_event":"12.8.3","npm_package_scripts_build":"react-scripts build","npm_config_argv":"{\"remain\":[],\"cooked\":[\"run\",\"test\"],\"original\":[\"run\",\"test\"]}","npm_config_before":"","npm_config_long":"","npm_config_production":"","npm_config_searchlimit":"20","npm_config_unsafe_perm":"true","npm_config_update_notifier":"true","LESSCLOSE":"/usr/bin/lesspipe %s %s","npm_package_dependencies_react_table":"^7.7.0","npm_config_auth_type":"legacy","npm_config_node_version":"12.22.7","npm_config_tag":"latest","LC_MEASUREMENT":"uk_UA.UTF-8","npm_package_devDependencies_redux_devtools_extension":"^2.13.9","npm_config_git_tag_version":"true","npm_config_commit_hooks":"true","npm_config_script_shell":"","npm_config_shrinkwrap":"true","GPG_AGENT_INFO":"/run/user/1001/gnupg/S.gpg-agent:0:1","GJS_DEBUG_OUTPUT":"stderr","LC_IDENTIFICATION":"uk_UA.UTF-8","npm_package_dependencies__types_yup":"^0.29.13","npm_package_devDependencies_eslint_plugin_react":"^7.26.1","npm_config_fetch_retry_factor":"10","npm_config_save_exact":"","npm_config_strict_ssl":"true","VSCODE_GIT_ASKPASS_EXTRA_ARGS":"--ms-enable-electron-run-as-node","QT_IM_MODULE":"ibus","npm_package_dependencies__mui_icons_material":"^5.3.0","npm_package_dependencies_crypto_js":"^4.1.1","npm_package_dependencies_firebase":"^9.1.3","npm_config_dev":"","npm_config_globalconfig":"/home/olga.sokolova/.nvm/versions/node/v12.22.7/etc/npmrc","npm_config_init_module":"/home/olga.sokolova/.npm-init.js","npm_config_parseable":"","PWD":"/home/olga.sokolova/Documents/olga.sokolova/launches-ts","npm_package_dependencies__emotion_styled":"11.3.0","npm_package_devDependencies_eslint_scope":"^6.0.0","npm_config_globalignorefile":"/home/olga.sokolova/.nvm/versions/node/v12.22.7/etc/npmignore","npm_execpath":"/home/olga.sokolova/.nvm/versions/node/v12.22.7/lib/node_modules/npm/bin/npm-cli.js","XDG_CONFIG_DIRS":"/etc/xdg/xdg-ubuntu:/etc/xdg","XDG_DATA_DIRS":"/usr/share/ubuntu:/usr/local/share/:/usr/share/:/var/lib/snapd/desktop","npm_package_dependencies_react_countdown":"^2.3.2","npm_config_cache_lock_retries":"10","npm_config_searchstaleness":"900","LC_NUMERIC":"uk_UA.UTF-8","npm_package_dependencies_date_fns":"^2.25.0","npm_package_dependencies_prop_types":"15.7.2","npm_config_node_options":"","npm_config_save_prefix":"^","npm_config_scripts_prepend_node_path":"warn-only","BREAKPAD_DUMP_LOCATION":"/home/olga.sokolova/.config/Code/exthost Crash Reports","LC_PAPER":"uk_UA.UTF-8","npm_package_dependencies__firebase_rules_unit_testing":"^2.0.1","npm_package_dependencies__types_react_redux":"^7.1.20","npm_package_scripts_deploy":"npm run build && firebase deploy","npm_package_devDependencies_babel_eslint":"^10.1.0","npm_config_group":"1001","npm_config_init_author_email":"","npm_config_searchexclude":"","npm_package_dependencies_web_vitals":"1.1.2","npm_package_devDependencies_firestore_jest_mock":"^0.17.0","npm_config_git":"git","npm_config_optional":"true","npm_package_dependencies__types_react_dom":"^17.0.11","npm_package_dependencies_react":"^17.0.2","npm_config_json":"","INIT_CWD":"/home/olga.sokolova/Documents/olga.sokolova/launches-ts","IS_FIREBASE_CLI":"true","GCLOUD_PROJECT":"launches-1939c","FIREBASE_DATABASE_EMULATOR_HOST":"localhost:9000","FIRESTORE_EMULATOR_HOST":"localhost:8080","FIREBASE_FIRESTORE_EMULATOR_ADDRESS":"localhost:8080","FIREBASE_STORAGE_EMULATOR_HOST":"localhost:9199","STORAGE_EMULATOR_HOST":"http://localhost:9199","FIREBASE_AUTH_EMULATOR_HOST":"localhost:9099","FIREBASE_EMULATOR_HUB":"localhost:4400"}
[info] i  storage: Change detected, updating rules for Cloud Storage... {"metadata":{"emulator":{"name":"storage"},"message":"Change detected, updating rules for Cloud Storage..."}}
[info] i  storage: Change detected, updating rules for Cloud Storage... {"metadata":{"emulator":{"name":"storage"},"message":"Change detected, updating rules for Cloud Storage..."}}
[info] i  storage: Change detected, updating rules for Cloud Storage... {"metadata":{"emulator":{"name":"storage"},"message":"Change detected, updating rules for Cloud Storage..."}}
[info] i  storage: Change detected, updating rules for Cloud Storage... {"metadata":{"emulator":{"name":"storage"},"message":"Change detected, updating rules for Cloud Storage..."}}
[info] i  storage: Change detected, updating rules for Cloud Storage... {"metadata":{"emulator":{"name":"storage"},"message":"Change detected, updating rules for Cloud Storage..."}}
[info] i  storage: Change detected, updating rules for Cloud Storage... {"metadata":{"emulator":{"name":"storage"},"message":"Change detected, updating rules for Cloud Storage..."}}
[info] i  storage: Change detected, updating rules for Cloud Storage... {"metadata":{"emulator":{"name":"storage"},"message":"Change detected, updating rules for Cloud Storage..."}}
[warn] ⚠  Script exited with signal: SIGHUP 
[debug] [2022-01-26T13:18:55.035Z] Error: write EIO
    at afterWriteDispatched (internal/stream_base_commons.js:156:25)
    at writeGeneric (internal/stream_base_commons.js:147:3)
    at WriteStream.Socket._writeGeneric (net.js:787:11)
    at WriteStream.Socket._write (net.js:799:8)
    at doWrite (_stream_writable.js:403:12)
    at writeOrBuffer (_stream_writable.js:387:5)
    at WriteStream.Writable.write (_stream_writable.js:318:11)
    at Console.log (/home/olga.sokolova/Documents/olga.sokolova/launches-ts/node_modules/firebase-tools/node_modules/winston/lib/winston/transports/console.js:79:23)
    at Console._write (/home/olga.sokolova/Documents/olga.sokolova/launches-ts/node_modules/firebase-tools/node_modules/winston-transport/index.js:103:17)
    at doWrite (/home/olga.sokolova/Documents/olga.sokolova/launches-ts/node_modules/firebase-tools/node_modules/winston-transport/node_modules/readable-stream/lib/_stream_writable.js:428:64)
    at writeOrBuffer (/home/olga.sokolova/Documents/olga.sokolova/launches-ts/node_modules/firebase-tools/node_modules/winston-transport/node_modules/readable-stream/lib/_stream_writable.js:417:5)
    at Console.Writable.write (/home/olga.sokolova/Documents/olga.sokolova/launches-ts/node_modules/firebase-tools/node_modules/winston-transport/node_modules/readable-stream/lib/_stream_writable.js:334:11)
    at DerivedLogger.ondata (/home/olga.sokolova/Documents/olga.sokolova/launches-ts/node_modules/firebase-tools/node_modules/readable-stream/lib/_stream_readable.js:662:20)
    at DerivedLogger.emit (events.js:326:22)
    at DerivedLogger.EventEmitter.emit (domain.js:483:12)
    at addChunk (/home/olga.sokolova/Documents/olga.sokolova/launches-ts/node_modules/firebase-tools/node_modules/readable-stream/lib/_stream_readable.js:297:12)
[error] 
[error] Error: An unexpected error has occurred.
[debug] [2022-01-26T13:18:55.036Z] Received signal SIGHUP 1
[info]  
[info] i  emulators: Received SIGHUP for the first time. Starting a clean shutdown. 
[info] i  emulators: Please wait for a clean shutdown or send the SIGHUP signal again to stop right now. 
[info] i  emulators: Shutting down emulators. {"metadata":{"emulator":{"name":"hub"},"message":"Shutting down emulators."}}
[info] i  ui: Stopping Emulator UI {"metadata":{"emulator":{"name":"ui"},"message":"Stopping Emulator UI"}}
[debug] [2022-01-26T13:18:55.039Z] node[602944]: ../src/node.cc:674:void node::ResetStdio(): Assertion `!(err != 0) || (err == -1 && (*__errno_location ()) == 1)' failed.
 {"metadata":{"emulator":{"name":"ui"},"message":"node[602944]: ../src/node.cc:674:void node::ResetStdio(): Assertion `!(err != 0) || (err == -1 && (*__errno_location ()) == 1)' failed.\n"}}
[debug] [2022-01-26T13:18:55.044Z]  1: 0xa1a640 node::Abort() [node]
 {"metadata":{"emulator":{"name":"ui"},"message":" 1: 0xa1a640 node::Abort() [node]\n"}}
[debug] [2022-01-26T13:18:55.045Z]  2: 0xa1a6be  [node]
 {"metadata":{"emulator":{"name":"ui"},"message":" 2: 0xa1a6be  [node]\n"}}
[debug] [2022-01-26T13:18:55.046Z]  3: 0x9e6db0 node::SignalExit(int) [node]
 {"metadata":{"emulator":{"name":"ui"},"message":" 3: 0x9e6db0 node::SignalExit(int) [node]\n"}}
[debug] [2022-01-26T13:18:55.046Z]  4: 0x9e6dc0 node::SignalExit(int) [node]
 {"metadata":{"emulator":{"name":"ui"},"message":" 4: 0x9e6dc0 node::SignalExit(int) [node]\n"}}
[debug] [2022-01-26T13:18:55.046Z]  5: 0x7f56747a03c0  [/lib/x86_64-linux-gnu/libpthread.so.0]
 6: 0x7f56746bb5ce epoll_wait [/lib/x86_64-linux-gnu/libc.so.6]
 {"metadata":{"emulator":{"name":"ui"},"message":" 5: 0x7f56747a03c0  [/lib/x86_64-linux-gnu/libpthread.so.0]\n 6: 0x7f56746bb5ce epoll_wait [/lib/x86_64-linux-gnu/libc.so.6]\n"}}
